This is pdfTeX, Version 3.14159265-2.6-1.40.19 (TeX Live 2018) (preloaded format=pdflatex 2020.5.14)  6 MAY 2021 08:18
entering extended mode
 restricted \write18 enabled.
 %&-line parsing enabled.
**thesis.tex
(./thesis.tex
LaTeX2e <2018-12-01>
(/opt/TinyTeX/texmf-dist/tex/latex/base/article.cls
Document Class: article 2018/09/03 v1.4i Standard LaTeX document class
(/opt/TinyTeX/texmf-dist/tex/latex/base/size11.clo
File: size11.clo 2018/09/03 v1.4i Standard LaTeX file (size option)
)
\c@part=\count80
\c@section=\count81
\c@subsection=\count82
\c@subsubsection=\count83
\c@paragraph=\count84
\c@subparagraph=\count85
\c@figure=\count86
\c@table=\count87
\abovecaptionskip=\skip41
\belowcaptionskip=\skip42
\bibindent=\dimen102
) (/opt/TinyTeX/texmf-dist/tex/latex/amsmath/amsmath.sty
Package: amsmath 2018/12/01 v2.17b AMS math features
\@mathmargin=\skip43
For additional information on amsmath, use the `?' option.
(/opt/TinyTeX/texmf-dist/tex/latex/amsmath/amstext.sty
Package: amstext 2000/06/29 v2.01 AMS text
(/opt/TinyTeX/texmf-dist/tex/latex/amsmath/amsgen.sty
File: amsgen.sty 1999/11/30 v2.0 generic functions
\@emptytoks=\toks14
\ex@=\dimen103
)) (/opt/TinyTeX/texmf-dist/tex/latex/amsmath/amsbsy.sty
Package: amsbsy 1999/11/29 v1.2d Bold Symbols
\pmbraise@=\dimen104
) (/opt/TinyTeX/texmf-dist/tex/latex/amsmath/amsopn.sty
Package: amsopn 2016/03/08 v2.02 operator names
)
\inf@bad=\count88
LaTeX Info: Redefining \frac on input line 223.
\uproot@=\count89
\leftroot@=\count90
LaTeX Info: Redefining \overline on input line 385.
\classnum@=\count91
\DOTSCASE@=\count92
LaTeX Info: Redefining \ldots on input line 482.
LaTeX Info: Redefining \dots on input line 485.
LaTeX Info: Redefining \cdots on input line 606.
\Mathstrutbox@=\box27
\strutbox@=\box28
\big@size=\dimen105
LaTeX Font Info:    Redeclaring font encoding OML on input line 729.
LaTeX Font Info:    Redeclaring font encoding OMS on input line 730.
\macc@depth=\count93
\c@MaxMatrixCols=\count94
\dotsspace@=\muskip10
\c@parentequation=\count95
\dspbrk@lvl=\count96
\tag@help=\toks15
\row@=\count97
\column@=\count98
\maxfields@=\count99
\andhelp@=\toks16
\eqnshift@=\dimen106
\alignsep@=\dimen107
\tagshift@=\dimen108
\tagwidth@=\dimen109
\totwidth@=\dimen110
\lineht@=\dimen111
\@envbody=\toks17
\multlinegap=\skip44
\multlinetaggap=\skip45
\mathdisplay@stack=\toks18
LaTeX Info: Redefining \[ on input line 2844.
LaTeX Info: Redefining \] on input line 2845.
) (/opt/TinyTeX/texmf-dist/tex/latex/amsfonts/amssymb.sty
Package: amssymb 2013/01/14 v3.01 AMS font symbols
(/opt/TinyTeX/texmf-dist/tex/latex/amsfonts/amsfonts.sty
Package: amsfonts 2013/01/14 v3.01 Basic AMSFonts support
\symAMSa=\mathgroup4
\symAMSb=\mathgroup5
LaTeX Font Info:    Overwriting math alphabet `\mathfrak' in version `bold'
(Font)                  U/euf/m/n --> U/euf/b/n on input line 106.
)) (/opt/TinyTeX/texmf-dist/tex/latex/amscls/amsthm.sty
Package: amsthm 2017/10/31 v2.20.4
\thm@style=\toks19
\thm@bodyfont=\toks20
\thm@headfont=\toks21
\thm@notefont=\toks22
\thm@headpunct=\toks23
\thm@preskip=\skip46
\thm@postskip=\skip47
\thm@headsep=\skip48
\dth@everypar=\toks24
) (/opt/TinyTeX/texmf-dist/tex/latex/graphics/graphicx.sty
Package: graphicx 2017/06/01 v1.1a Enhanced LaTeX Graphics (DPC,SPQR)
(/opt/TinyTeX/texmf-dist/tex/latex/graphics/keyval.sty
Package: keyval 2014/10/28 v1.15 key=value parser (DPC)
\KV@toks@=\toks25
) (/opt/TinyTeX/texmf-dist/tex/latex/graphics/graphics.sty
Package: graphics 2017/06/25 v1.2c Standard LaTeX Graphics (DPC,SPQR)
(/opt/TinyTeX/texmf-dist/tex/latex/graphics/trig.sty
Package: trig 2016/01/03 v1.10 sin cos tan (DPC)
) (/opt/TinyTeX/texmf-dist/tex/latex/graphics-cfg/graphics.cfg
File: graphics.cfg 2016/06/04 v1.11 sample graphics configuration
)
Package graphics Info: Driver file: pdftex.def on input line 99.
(/opt/TinyTeX/texmf-dist/tex/latex/graphics-def/pdftex.def
File: pdftex.def 2018/01/08 v1.0l Graphics/color driver for pdftex
))
\Gin@req@height=\dimen112
\Gin@req@width=\dimen113
) (/opt/TinyTeX/texmf-dist/tex/latex/natbib/natbib.sty
Package: natbib 2010/09/13 8.31b (PWD, AO)
\bibhang=\skip49
\bibsep=\skip50
LaTeX Info: Redefining \cite on input line 694.
\c@NAT@ctr=\count100
) (/opt/TinyTeX/texmf-dist/tex/latex/caption/caption.sty
Package: caption 2018/10/06 v3.3-154 Customizing captions (AR)
(/opt/TinyTeX/texmf-dist/tex/latex/caption/caption3.sty
Package: caption3 2018/09/12 v1.8c caption3 kernel (AR)
Package caption3 Info: TeX engine: e-TeX on input line 64.
\captionmargin=\dimen114
\captionmargin@=\dimen115
\captionwidth=\dimen116
\caption@tempdima=\dimen117
\caption@indent=\dimen118
\caption@parindent=\dimen119
\caption@hangindent=\dimen120
)
\c@caption@flags=\count101
\c@ContinuedFloat=\count102
) (/opt/TinyTeX/texmf-dist/tex/latex/base/textcomp.sty
Package: textcomp 2018/08/11 v2.0j Standard LaTeX package
Package textcomp Info: Sub-encoding information:
(textcomp)               5 = only ISO-Adobe without \textcurrency
(textcomp)               4 = 5 + \texteuro
(textcomp)               3 = 4 + \textohm
(textcomp)               2 = 3 + \textestimated + \textcurrency
(textcomp)               1 = TS1 - \textcircled - \t
(textcomp)               0 = TS1 (full)
(textcomp)             Font families with sub-encoding setting implement
(textcomp)             only a restricted character set as indicated.
(textcomp)             Family '?' is the default used for unknown fonts.
(textcomp)             See the documentation for details.
Package textcomp Info: Setting ? sub-encoding to TS1/1 on input line 79.
(/opt/TinyTeX/texmf-dist/tex/latex/base/ts1enc.def
File: ts1enc.def 2001/06/05 v3.0e (jk/car/fm) Standard LaTeX file
Now handling font encoding TS1 ...
... processing UTF-8 mapping file for font encoding TS1
(/opt/TinyTeX/texmf-dist/tex/latex/base/ts1enc.dfu
File: ts1enc.dfu 2018/10/05 v1.2f UTF-8 support for inputenc
   defining Unicode char U+00A2 (decimal 162)
   defining Unicode char U+00A3 (decimal 163)
   defining Unicode char U+00A4 (decimal 164)
   defining Unicode char U+00A5 (decimal 165)
   defining Unicode char U+00A6 (decimal 166)
   defining Unicode char U+00A7 (decimal 167)
   defining Unicode char U+00A8 (decimal 168)
   defining Unicode char U+00A9 (decimal 169)
   defining Unicode char U+00AA (decimal 170)
   defining Unicode char U+00AC (decimal 172)
   defining Unicode char U+00AE (decimal 174)
   defining Unicode char U+00AF (decimal 175)
   defining Unicode char U+00B0 (decimal 176)
   defining Unicode char U+00B1 (decimal 177)
   defining Unicode char U+00B2 (decimal 178)
   defining Unicode char U+00B3 (decimal 179)
   defining Unicode char U+00B4 (decimal 180)
   defining Unicode char U+00B5 (decimal 181)
   defining Unicode char U+00B6 (decimal 182)
   defining Unicode char U+00B7 (decimal 183)
   defining Unicode char U+00B9 (decimal 185)
   defining Unicode char U+00BA (decimal 186)
   defining Unicode char U+00BC (decimal 188)
   defining Unicode char U+00BD (decimal 189)
   defining Unicode char U+00BE (decimal 190)
   defining Unicode char U+00D7 (decimal 215)
   defining Unicode char U+00F7 (decimal 247)
   defining Unicode char U+0192 (decimal 402)
   defining Unicode char U+02C7 (decimal 711)
   defining Unicode char U+02D8 (decimal 728)
   defining Unicode char U+02DD (decimal 733)
   defining Unicode char U+0E3F (decimal 3647)
   defining Unicode char U+2016 (decimal 8214)
   defining Unicode char U+2020 (decimal 8224)
   defining Unicode char U+2021 (decimal 8225)
   defining Unicode char U+2022 (decimal 8226)
   defining Unicode char U+2030 (decimal 8240)
   defining Unicode char U+2031 (decimal 8241)
   defining Unicode char U+203B (decimal 8251)
   defining Unicode char U+203D (decimal 8253)
   defining Unicode char U+2044 (decimal 8260)
   defining Unicode char U+204E (decimal 8270)
   defining Unicode char U+2052 (decimal 8274)
   defining Unicode char U+20A1 (decimal 8353)
   defining Unicode char U+20A4 (decimal 8356)
   defining Unicode char U+20A6 (decimal 8358)
   defining Unicode char U+20A9 (decimal 8361)
   defining Unicode char U+20AB (decimal 8363)
   defining Unicode char U+20AC (decimal 8364)
   defining Unicode char U+20B1 (decimal 8369)
   defining Unicode char U+2103 (decimal 8451)
   defining Unicode char U+2116 (decimal 8470)
   defining Unicode char U+2117 (decimal 8471)
   defining Unicode char U+211E (decimal 8478)
   defining Unicode char U+2120 (decimal 8480)
   defining Unicode char U+2122 (decimal 8482)
   defining Unicode char U+2126 (decimal 8486)
   defining Unicode char U+2127 (decimal 8487)
   defining Unicode char U+212E (decimal 8494)
   defining Unicode char U+2190 (decimal 8592)
   defining Unicode char U+2191 (decimal 8593)
   defining Unicode char U+2192 (decimal 8594)
   defining Unicode char U+2193 (decimal 8595)
   defining Unicode char U+2329 (decimal 9001)
   defining Unicode char U+232A (decimal 9002)
   defining Unicode char U+2422 (decimal 9250)
   defining Unicode char U+25E6 (decimal 9702)
   defining Unicode char U+25EF (decimal 9711)
   defining Unicode char U+266A (decimal 9834)
   defining Unicode char U+FEFF (decimal 65279)
))
LaTeX Info: Redefining \oldstylenums on input line 334.
Package textcomp Info: Setting cmr sub-encoding to TS1/0 on input line 349.
Package textcomp Info: Setting cmss sub-encoding to TS1/0 on input line 350.
Package textcomp Info: Setting cmtt sub-encoding to TS1/0 on input line 351.
Package textcomp Info: Setting cmvtt sub-encoding to TS1/0 on input line 352.
Package textcomp Info: Setting cmbr sub-encoding to TS1/0 on input line 353.
Package textcomp Info: Setting cmtl sub-encoding to TS1/0 on input line 354.
Package textcomp Info: Setting ccr sub-encoding to TS1/0 on input line 355.
Package textcomp Info: Setting ptm sub-encoding to TS1/4 on input line 356.
Package textcomp Info: Setting pcr sub-encoding to TS1/4 on input line 357.
Package textcomp Info: Setting phv sub-encoding to TS1/4 on input line 358.
Package textcomp Info: Setting ppl sub-encoding to TS1/3 on input line 359.
Package textcomp Info: Setting pag sub-encoding to TS1/4 on input line 360.
Package textcomp Info: Setting pbk sub-encoding to TS1/4 on input line 361.
Package textcomp Info: Setting pnc sub-encoding to TS1/4 on input line 362.
Package textcomp Info: Setting pzc sub-encoding to TS1/4 on input line 363.
Package textcomp Info: Setting bch sub-encoding to TS1/4 on input line 364.
Package textcomp Info: Setting put sub-encoding to TS1/5 on input line 365.
Package textcomp Info: Setting uag sub-encoding to TS1/5 on input line 366.
Package textcomp Info: Setting ugq sub-encoding to TS1/5 on input line 367.
Package textcomp Info: Setting ul8 sub-encoding to TS1/4 on input line 368.
Package textcomp Info: Setting ul9 sub-encoding to TS1/4 on input line 369.
Package textcomp Info: Setting augie sub-encoding to TS1/5 on input line 370.
Package textcomp Info: Setting dayrom sub-encoding to TS1/3 on input line 371.
Package textcomp Info: Setting dayroms sub-encoding to TS1/3 on input line 372.

Package textcomp Info: Setting pxr sub-encoding to TS1/0 on input line 373.
Package textcomp Info: Setting pxss sub-encoding to TS1/0 on input line 374.
Package textcomp Info: Setting pxtt sub-encoding to TS1/0 on input line 375.
Package textcomp Info: Setting txr sub-encoding to TS1/0 on input line 376.
Package textcomp Info: Setting txss sub-encoding to TS1/0 on input line 377.
Package textcomp Info: Setting txtt sub-encoding to TS1/0 on input line 378.
Package textcomp Info: Setting lmr sub-encoding to TS1/0 on input line 379.
Package textcomp Info: Setting lmdh sub-encoding to TS1/0 on input line 380.
Package textcomp Info: Setting lmss sub-encoding to TS1/0 on input line 381.
Package textcomp Info: Setting lmssq sub-encoding to TS1/0 on input line 382.
Package textcomp Info: Setting lmvtt sub-encoding to TS1/0 on input line 383.
Package textcomp Info: Setting lmtt sub-encoding to TS1/0 on input line 384.
Package textcomp Info: Setting qhv sub-encoding to TS1/0 on input line 385.
Package textcomp Info: Setting qag sub-encoding to TS1/0 on input line 386.
Package textcomp Info: Setting qbk sub-encoding to TS1/0 on input line 387.
Package textcomp Info: Setting qcr sub-encoding to TS1/0 on input line 388.
Package textcomp Info: Setting qcs sub-encoding to TS1/0 on input line 389.
Package textcomp Info: Setting qpl sub-encoding to TS1/0 on input line 390.
Package textcomp Info: Setting qtm sub-encoding to TS1/0 on input line 391.
Package textcomp Info: Setting qzc sub-encoding to TS1/0 on input line 392.
Package textcomp Info: Setting qhvc sub-encoding to TS1/0 on input line 393.
Package textcomp Info: Setting futs sub-encoding to TS1/4 on input line 394.
Package textcomp Info: Setting futx sub-encoding to TS1/4 on input line 395.
Package textcomp Info: Setting futj sub-encoding to TS1/4 on input line 396.
Package textcomp Info: Setting hlh sub-encoding to TS1/3 on input line 397.
Package textcomp Info: Setting hls sub-encoding to TS1/3 on input line 398.
Package textcomp Info: Setting hlst sub-encoding to TS1/3 on input line 399.
Package textcomp Info: Setting hlct sub-encoding to TS1/5 on input line 400.
Package textcomp Info: Setting hlx sub-encoding to TS1/5 on input line 401.
Package textcomp Info: Setting hlce sub-encoding to TS1/5 on input line 402.
Package textcomp Info: Setting hlcn sub-encoding to TS1/5 on input line 403.
Package textcomp Info: Setting hlcw sub-encoding to TS1/5 on input line 404.
Package textcomp Info: Setting hlcf sub-encoding to TS1/5 on input line 405.
Package textcomp Info: Setting pplx sub-encoding to TS1/3 on input line 406.
Package textcomp Info: Setting pplj sub-encoding to TS1/3 on input line 407.
Package textcomp Info: Setting ptmx sub-encoding to TS1/4 on input line 408.
Package textcomp Info: Setting ptmj sub-encoding to TS1/4 on input line 409.
) (/opt/TinyTeX/texmf-dist/tex/latex/floatrow/floatrow.sty
Package: floatrow 2008/08/02 v0.3b floatrow: float package extension
\c@float@type=\count103
\float@exts=\toks26
\float@box=\box29
\@floatcapt=\box30
Package floatrow Info: Modified float package code loaded on input line 455.
Package floatrow Info: Modified rotfloat package code loaded on input line 473.

\FR@everyfloat=\toks27
\flrow@foot=\insert199
\FB@wd=\dimen121
\FBo@wd=\dimen122
\FBc@wd=\dimen123
\FBo@ht=\skip51
\FBc@ht=\skip52
\FBf@ht=\skip53
\FBo@max=\skip54
\FBc@max=\skip55
\FBf@max=\skip56
\c@FBl@b=\count104
\floatbox@depth=\count105
\c@FRobj=\count106
\c@FRsobj=\count107
\Xhsize=\skip57
\sXhsize=\skip58
\Zhsize=\skip59
\sZhsize=\skip60
\flrow@rowbox=\box31
\FR@Zunitlength=\dimen124
\c@FBcnt=\count108
\FPOScnt=\count109
\LTleft=\skip61
\LTright=\skip62
\LTleft=\skip63
\LTright=\skip64
\flrow@types=\toks28
) (/opt/TinyTeX/texmf-dist/tex/latex/booktabs/booktabs.sty
Package: booktabs 2016/04/27 v1.618033 publication quality tables
\heavyrulewidth=\dimen125
\lightrulewidth=\dimen126
\cmidrulewidth=\dimen127
\belowrulesep=\dimen128
\belowbottomsep=\dimen129
\aboverulesep=\dimen130
\abovetopsep=\dimen131
\cmidrulesep=\dimen132
\cmidrulekern=\dimen133
\defaultaddspace=\dimen134
\@cmidla=\count110
\@cmidlb=\count111
\@aboverulesep=\dimen135
\@belowrulesep=\dimen136
\@thisruleclass=\count112
\@lastruleclass=\count113
\@thisrulewidth=\dimen137
) (/opt/TinyTeX/texmf-dist/tex/latex/footmisc/footmisc.sty
Package: footmisc 2011/06/06 v5.5b a miscellany of footnote facilities
\FN@temptoken=\toks29
\footnotemargin=\dimen138
\c@pp@next@reset=\count114
Package footmisc Info: Declaring symbol style bringhurst on input line 855.
Package footmisc Info: Declaring symbol style chicago on input line 863.
Package footmisc Info: Declaring symbol style wiley on input line 872.
Package footmisc Info: Declaring symbol style lamport-robust on input line 883.

Package footmisc Info: Declaring symbol style lamport* on input line 903.
Package footmisc Info: Declaring symbol style lamport*-robust on input line 924
.
) (/opt/TinyTeX/texmf-dist/tex/latex/hyperref/hyperref.sty
Package: hyperref 2018/11/30 v6.88e Hypertext links for LaTeX
(/opt/TinyTeX/texmf-dist/tex/generic/oberdiek/hobsub-hyperref.sty
Package: hobsub-hyperref 2016/05/16 v1.14 Bundle oberdiek, subset hyperref (HO)

(/opt/TinyTeX/texmf-dist/tex/generic/oberdiek/hobsub-generic.sty
Package: hobsub-generic 2016/05/16 v1.14 Bundle oberdiek, subset generic (HO)
Package: hobsub 2016/05/16 v1.14 Construct package bundles (HO)
Package: infwarerr 2016/05/16 v1.4 Providing info/warning/error messages (HO)
Package: ltxcmds 2016/05/16 v1.23 LaTeX kernel commands for general use (HO)
Package: ifluatex 2016/05/16 v1.4 Provides the ifluatex switch (HO)
Package ifluatex Info: LuaTeX not detected.
Package: ifvtex 2016/05/16 v1.6 Detect VTeX and its facilities (HO)
Package ifvtex Info: VTeX not detected.
Package: intcalc 2016/05/16 v1.2 Expandable calculations with integers (HO)
Package: ifpdf 2018/09/07 v3.3 Provides the ifpdf switch
Package: etexcmds 2016/05/16 v1.6 Avoid name clashes with e-TeX commands (HO)
Package etexcmds Info: Could not find \expanded.
(etexcmds)             That can mean that you are not using pdfTeX 1.50 or
(etexcmds)             that some package has redefined \expanded.
(etexcmds)             In the latter case, load this package earlier.
Package: kvsetkeys 2016/05/16 v1.17 Key value parser (HO)
Package: kvdefinekeys 2016/05/16 v1.4 Define keys (HO)
Package: pdftexcmds 2018/09/10 v0.29 Utility functions of pdfTeX for LuaTeX (HO
)
Package pdftexcmds Info: LuaTeX not detected.
Package pdftexcmds Info: \pdf@primitive is available.
Package pdftexcmds Info: \pdf@ifprimitive is available.
Package pdftexcmds Info: \pdfdraftmode found.
Package: pdfescape 2016/05/16 v1.14 Implements pdfTeX's escape features (HO)
Package: bigintcalc 2016/05/16 v1.4 Expandable calculations on big integers (HO
)
Package: bitset 2016/05/16 v1.2 Handle bit-vector datatype (HO)
Package: uniquecounter 2016/05/16 v1.3 Provide unlimited unique counter (HO)
)
Package hobsub Info: Skipping package `hobsub' (already loaded).
Package: letltxmacro 2016/05/16 v1.5 Let assignment for LaTeX macros (HO)
Package: hopatch 2016/05/16 v1.3 Wrapper for package hooks (HO)
Package: xcolor-patch 2016/05/16 xcolor patch
Package: atveryend 2016/05/16 v1.9 Hooks at the very end of document (HO)
Package atveryend Info: \enddocument detected (standard20110627).
Package: atbegshi 2016/06/09 v1.18 At begin shipout hook (HO)
Package: refcount 2016/05/16 v3.5 Data extraction from label references (HO)
Package: hycolor 2016/05/16 v1.8 Color options for hyperref/bookmark (HO)
) (/opt/TinyTeX/texmf-dist/tex/generic/ifxetex/ifxetex.sty
Package: ifxetex 2010/09/12 v0.6 Provides ifxetex conditional
) (/opt/TinyTeX/texmf-dist/tex/latex/oberdiek/auxhook.sty
Package: auxhook 2016/05/16 v1.4 Hooks for auxiliary files (HO)
) (/opt/TinyTeX/texmf-dist/tex/latex/oberdiek/kvoptions.sty
Package: kvoptions 2016/05/16 v3.12 Key value format for package options (HO)
)
\@linkdim=\dimen139
\Hy@linkcounter=\count115
\Hy@pagecounter=\count116
(/opt/TinyTeX/texmf-dist/tex/latex/hyperref/pd1enc.def
File: pd1enc.def 2018/11/30 v6.88e Hyperref: PDFDocEncoding definition (HO)
Now handling font encoding PD1 ...
... no UTF-8 mapping file for font encoding PD1
)
\Hy@SavedSpaceFactor=\count117
(/opt/TinyTeX/texmf-dist/tex/latex/latexconfig/hyperref.cfg
File: hyperref.cfg 2002/06/06 v1.2 hyperref configuration of TeXLive
)
Package hyperref Info: Hyper figures OFF on input line 4519.
Package hyperref Info: Link nesting OFF on input line 4524.
Package hyperref Info: Hyper index ON on input line 4527.
Package hyperref Info: Plain pages OFF on input line 4534.
Package hyperref Info: Backreferencing OFF on input line 4539.
Package hyperref Info: Implicit mode ON; LaTeX internals redefined.
Package hyperref Info: Bookmarks ON on input line 4772.
\c@Hy@tempcnt=\count118
(/opt/TinyTeX/texmf-dist/tex/latex/url/url.sty
\Urlmuskip=\muskip11
Package: url 2013/09/16  ver 3.4  Verb mode for urls, etc.
)
LaTeX Info: Redefining \url on input line 5125.
\XeTeXLinkMargin=\dimen140
\Fld@menulength=\count119
\Field@Width=\dimen141
\Fld@charsize=\dimen142
Package hyperref Info: Hyper figures OFF on input line 6380.
Package hyperref Info: Link nesting OFF on input line 6385.
Package hyperref Info: Hyper index ON on input line 6388.
Package hyperref Info: backreferencing OFF on input line 6395.
Package hyperref Info: Link coloring OFF on input line 6400.
Package hyperref Info: Link coloring with OCG OFF on input line 6405.
Package hyperref Info: PDF/A mode OFF on input line 6410.
LaTeX Info: Redefining \ref on input line 6450.
LaTeX Info: Redefining \pageref on input line 6454.
\Hy@abspage=\count120
\c@Item=\count121
\c@Hfootnote=\count122
)
Package hyperref Info: Driver (autodetected): hpdftex.
(/opt/TinyTeX/texmf-dist/tex/latex/hyperref/hpdftex.def
File: hpdftex.def 2018/11/30 v6.88e Hyperref driver for pdfTeX
\Fld@listcount=\count123
\c@bookmark@seq@number=\count124
(/opt/TinyTeX/texmf-dist/tex/latex/oberdiek/rerunfilecheck.sty
Package: rerunfilecheck 2016/05/16 v1.8 Rerun checks for auxiliary files (HO)
Package uniquecounter Info: New unique counter `rerunfilecheck' on input line 2
82.
)
\Hy@SectionHShift=\skip65
) (/opt/TinyTeX/texmf-dist/tex/latex/footnotebackref/footnotebackref.sty
Package: footnotebackref 2012/07/01 v1.0 Backreferences for footnotes (Holger L
ange)
\c@BackrefHyperFootnoteCounter=\count125
) (/opt/TinyTeX/texmf-dist/tex/latex/makecell/makecell.sty
Package: makecell 2009/08/03 V0.1e Managing of Tab Column Heads and Cells
(/opt/TinyTeX/texmf-dist/tex/latex/tools/array.sty
Package: array 2018/12/30 v2.4k Tabular extension package (FMi)
\col@sep=\dimen143
\ar@mcellbox=\box32
\extrarowheight=\dimen144
\NC@list=\toks30
\extratabsurround=\skip66
\backup@length=\skip67
\ar@cellbox=\box33
)
\rotheadsize=\dimen145
\c@nlinenum=\count126
\TeXr@lab=\toks31
) (/opt/TinyTeX/texmf-dist/tex/latex/oberdiek/pdflscape.sty
Package: pdflscape 2016/05/14 v0.11 Display of landscape pages in PDF (HO)
(/opt/TinyTeX/texmf-dist/tex/latex/graphics/lscape.sty
Package: lscape 2000/10/22 v3.01 Landscape Pages (DPC)
)
Package pdflscape Info: Auto-detected driver: pdftex on input line 81.
) (/opt/TinyTeX/texmf-dist/tex/latex/tools/longtable.sty
Package: longtable 2014/10/28 v4.11 Multi-page Table package (DPC)+ FMi change
\LTleft=\skip68
\LTright=\skip69
\LTpre=\skip70
\LTpost=\skip71
\LTchunksize=\count127
\LTcapwidth=\dimen146
\LT@head=\box34
\LT@firsthead=\box35
\LT@foot=\box36
\LT@lastfoot=\box37
\LT@cols=\count128
\LT@rows=\count129
\c@LT@tables=\count130
\c@LT@chunks=\count131
\LT@p@ftn=\toks32
) (/opt/TinyTeX/texmf-dist/tex/latex/siunitx/siunitx.sty (/opt/TinyTeX/texmf-di
st/tex/latex/l3kernel/expl3.sty
Package: expl3 2019-02-15 L3 programming layer (loader) 
(/opt/TinyTeX/texmf-dist/tex/latex/l3kernel/expl3-code.tex
Package: expl3 2019-02-15 L3 programming layer (code)
\c_max_int=\count132
\l_tmpa_int=\count133
\l_tmpb_int=\count134
\g_tmpa_int=\count135
\g_tmpb_int=\count136
\g__kernel_prg_map_int=\count137
\c_log_iow=\count138
\l_iow_line_count_int=\count139
\l__iow_line_target_int=\count140
\l__iow_one_indent_int=\count141
\l__iow_indent_int=\count142
\c_zero_dim=\dimen147
\c_max_dim=\dimen148
\l_tmpa_dim=\dimen149
\l_tmpb_dim=\dimen150
\g_tmpa_dim=\dimen151
\g_tmpb_dim=\dimen152
\c_zero_skip=\skip72
\c_max_skip=\skip73
\l_tmpa_skip=\skip74
\l_tmpb_skip=\skip75
\g_tmpa_skip=\skip76
\g_tmpb_skip=\skip77
\c_zero_muskip=\muskip12
\c_max_muskip=\muskip13
\l_tmpa_muskip=\muskip14
\l_tmpb_muskip=\muskip15
\g_tmpa_muskip=\muskip16
\g_tmpb_muskip=\muskip17
\l_keys_choice_int=\count143
\l__intarray_loop_int=\count144
\c__intarray_sp_dim=\dimen153
\g__intarray_font_int=\count145
\c__fp_leading_shift_int=\count146
\c__fp_middle_shift_int=\count147
\c__fp_trailing_shift_int=\count148
\c__fp_big_leading_shift_int=\count149
\c__fp_big_middle_shift_int=\count150
\c__fp_big_trailing_shift_int=\count151
\c__fp_Bigg_leading_shift_int=\count152
\c__fp_Bigg_middle_shift_int=\count153
\c__fp_Bigg_trailing_shift_int=\count154
\c__kernel_randint_max_int=\count155
\g__fp_array_int=\count156
\l__fp_array_loop_int=\count157
\l__sort_length_int=\count158
\l__sort_min_int=\count159
\l__sort_top_int=\count160
\l__sort_max_int=\count161
\l__sort_true_max_int=\count162
\l__sort_block_int=\count163
\l__sort_begin_int=\count164
\l__sort_end_int=\count165
\l__sort_A_int=\count166
\l__sort_B_int=\count167
\l__sort_C_int=\count168
\l__tl_analysis_normal_int=\count169
\l__tl_analysis_index_int=\count170
\l__tl_analysis_nesting_int=\count171
\l__tl_analysis_type_int=\count172
\l__regex_internal_a_int=\count173
\l__regex_internal_b_int=\count174
\l__regex_internal_c_int=\count175
\l__regex_balance_int=\count176
\l__regex_group_level_int=\count177
\l__regex_mode_int=\count178
\c__regex_cs_in_class_mode_int=\count179
\c__regex_cs_mode_int=\count180
\l__regex_catcodes_int=\count181
\l__regex_default_catcodes_int=\count182
\c__regex_catcode_D_int=\count183
\c__regex_catcode_S_int=\count184
\c__regex_catcode_L_int=\count185
\c__regex_catcode_O_int=\count186
\c__regex_catcode_A_int=\count187
\c__regex_all_catcodes_int=\count188
\l__regex_show_lines_int=\count189
\l__regex_min_state_int=\count190
\l__regex_max_state_int=\count191
\l__regex_left_state_int=\count192
\l__regex_right_state_int=\count193
\l__regex_capturing_group_int=\count194
\l__regex_min_pos_int=\count195
\l__regex_max_pos_int=\count196
\l__regex_curr_pos_int=\count197
\l__regex_start_pos_int=\count198
\l__regex_success_pos_int=\count266
\l__regex_curr_char_int=\count267
\l__regex_curr_catcode_int=\count268
\l__regex_last_char_int=\count269
\l__regex_case_changed_char_int=\count270
\l__regex_curr_state_int=\count271
\l__regex_step_int=\count272
\l__regex_min_active_int=\count273
\l__regex_max_active_int=\count274
\l__regex_replacement_csnames_int=\count275
\l__regex_match_count_int=\count276
\l__regex_min_submatch_int=\count277
\l__regex_submatch_int=\count278
\l__regex_zeroth_submatch_int=\count279
\g__regex_trace_regex_int=\count280
\c_empty_box=\box38
\l_tmpa_box=\box39
\l_tmpb_box=\box40
\g_tmpa_box=\box41
\g_tmpb_box=\box42
\l__box_top_dim=\dimen154
\l__box_bottom_dim=\dimen155
\l__box_left_dim=\dimen156
\l__box_right_dim=\dimen157
\l__box_top_new_dim=\dimen158
\l__box_bottom_new_dim=\dimen159
\l__box_left_new_dim=\dimen160
\l__box_right_new_dim=\dimen161
\l__box_internal_box=\box43
\l__coffin_internal_box=\box44
\l__coffin_internal_dim=\dimen162
\l__coffin_offset_x_dim=\dimen163
\l__coffin_offset_y_dim=\dimen164
\l__coffin_x_dim=\dimen165
\l__coffin_y_dim=\dimen166
\l__coffin_x_prime_dim=\dimen167
\l__coffin_y_prime_dim=\dimen168
\c_empty_coffin=\box45
\l__coffin_aligned_coffin=\box46
\l__coffin_aligned_internal_coffin=\box47
\l_tmpa_coffin=\box48
\l_tmpb_coffin=\box49
\g_tmpa_coffin=\box50
\g_tmpb_coffin=\box51
\c__coffin_empty_coffin=\box52
\l__coffin_display_coffin=\box53
\l__coffin_display_coord_coffin=\box54
\l__coffin_display_pole_coffin=\box55
\l__coffin_display_offset_dim=\dimen169
\l__coffin_display_x_dim=\dimen170
\l__coffin_display_y_dim=\dimen171
\g__file_internal_ior=\read1
\l__coffin_bounding_shift_dim=\dimen172
\l__coffin_left_corner_dim=\dimen173
\l__coffin_right_corner_dim=\dimen174
\l__coffin_bottom_corner_dim=\dimen175
\l__coffin_top_corner_dim=\dimen176
\l__coffin_scaled_total_height_dim=\dimen177
\l__coffin_scaled_width_dim=\dimen178
\l__seq_internal_a_int=\count281
\l__seq_internal_b_int=\count282
) (/opt/TinyTeX/texmf-dist/tex/latex/l3kernel/l3pdfmode.def
File: l3pdfmode.def 2019-02-15 v L3 Experimental driver: PDF mode
\l__driver_color_stack_int=\count283
)) (/opt/TinyTeX/texmf-dist/tex/latex/l3packages/xparse/xparse.sty
Package: xparse 2018-10-17 L3 Experimental document command parser
\l__xparse_current_arg_int=\count284
\g__xparse_grabber_int=\count285
\l__xparse_m_args_int=\count286
\l__xparse_mandatory_args_int=\count287
\l__xparse_v_nesting_int=\count288
)
Package: siunitx 2018/05/17 v2.7s A comprehensive (SI) units package
(/opt/TinyTeX/texmf-dist/tex/latex/l3packages/l3keys2e/l3keys2e.sty
Package: l3keys2e 2018-10-17 LaTeX2e option processing using LaTeX3 keys
)
\l__siunitx_tmp_box=\box56
\l__siunitx_tmp_dim=\dimen179
\l__siunitx_tmp_int=\count289
\l__siunitx_number_mantissa_length_int=\count290
\l__siunitx_number_uncert_length_int=\count291
\l__siunitx_round_int=\count292
\l__siunitx_process_decimal_int=\count293
\l__siunitx_process_uncertainty_int=\count294
\l__siunitx_process_fixed_int=\count295
\l__siunitx_process_integer_min_int=\count296
\l__siunitx_process_precision_int=\count297
\l__siunitx_group_min_int=\count298
\l__siunitx_angle_marker_box=\box57
\l__siunitx_angle_unit_box=\box58
\l__siunitx_angle_marker_dim=\dimen180
\l__siunitx_angle_unit_dim=\dimen181
\l__siunitx_unit_int=\count299
\l__siunitx_unit_denominator_int=\count300
\l__siunitx_unit_numerator_int=\count301
\l__siunitx_unit_prefix_int=\count302
\l__siunitx_unit_prefix_base_int=\count303
\l__siunitx_unit_prefix_gram_int=\count304
\l__siunitx_number_product_int=\count305
\c__siunitx_one_fill_skip=\skip78
\l__siunitx_table_unit_align_skip=\skip79
\l__siunitx_table_exponent_dim=\dimen182
\l__siunitx_table_integer_dim=\dimen183
\l__siunitx_table_mantissa_dim=\dimen184
\l__siunitx_table_marker_dim=\dimen185
\l__siunitx_table_result_dim=\dimen186
\l__siunitx_table_uncert_dim=\dimen187
\l__siunitx_table_fill_pre_dim=\dimen188
\l__siunitx_table_fill_post_dim=\dimen189
\l__siunitx_table_fill_mid_dim=\dimen190
\l__siunitx_table_pre_box=\box59
\l__siunitx_table_post_box=\box60
\l__siunitx_table_mantissa_box=\box61
\l__siunitx_table_result_box=\box62
\l__siunitx_table_number_align_skip=\skip80
\l__siunitx_table_text_align_skip=\skip81
) (/opt/TinyTeX/texmf-dist/tex/latex/threeparttablex/threeparttablex.sty
Package: threeparttablex 2013/07/23 v0.3 by daleif
(/opt/TinyTeX/texmf-dist/tex/latex/threeparttable/threeparttable.sty
Package: threeparttable 2003/06/13  v 3.0
\@tempboxb=\box63
) (/opt/TinyTeX/texmf-dist/tex/latex/environ/environ.sty
Package: environ 2014/05/04 v0.3 A new way to define environments
(/opt/TinyTeX/texmf-dist/tex/latex/trimspaces/trimspaces.sty
Package: trimspaces 2009/09/17 v1.1 Trim spaces around a token list
))
\TPTL@width=\skip82
) (/opt/TinyTeX/texmf-dist/tex/latex/koma-script/scrlayer-scrpage.sty
Package: scrlayer-scrpage 2019/02/01 v3.26b KOMA-Script package (end user inter
face for scrlayer)
(/opt/TinyTeX/texmf-dist/tex/latex/koma-script/scrlayer.sty
Package: scrlayer 2019/02/01 v3.26b KOMA-Script package (defining layers and pa
ge styles)
(/opt/TinyTeX/texmf-dist/tex/latex/koma-script/scrkbase.sty
Package: scrkbase 2019/02/01 v3.26b KOMA-Script package (KOMA-Script-dependent 
basics and keyval usage)
(/opt/TinyTeX/texmf-dist/tex/latex/koma-script/scrbase.sty
Package: scrbase 2019/02/01 v3.26b KOMA-Script package (KOMA-Script-independent
 basics and keyval usage)
(/opt/TinyTeX/texmf-dist/tex/latex/koma-script/scrlfile.sty
Package: scrlfile 2019/02/01 v3.26b KOMA-Script package (loading files)
)))
\footheight=\skip83
Package scrlayer Info: patching LaTeX kernel macro \pagestyle on input line 208
3.
))
Package scrlayer-scrpage Info: auto-selection of `pagestyleset=standard'.
1: subsection
1: section
1: section
1: subsection
1: section
(/opt/TinyTeX/texmf-dist/tex/latex/parskip/parskip.sty
Package: parskip 2019-01-16 v2.0c non-zero parskip adjustments
(/opt/TinyTeX/texmf-dist/tex/latex/etoolbox/etoolbox.sty
Package: etoolbox 2018/08/19 v2.5f e-TeX tools for LaTeX (JAW)
\etb@tempcnta=\count306
))
\cslhangindent=\skip84
(./thesis.aux

LaTeX Warning: Label `tab:02-data-predictors' multiply defined.


LaTeX Warning: Label `tab:03-methods-hyperparas-choices' multiply defined.


LaTeX Warning: Label `tab:appendix-agr-table' multiply defined.


LaTeX Warning: Label `tab:appendix-acc-table' multiply defined.

)
\openout1 = `thesis.aux'.

LaTeX Font Info:    Checking defaults for OML/cmm/m/it on input line 127.
LaTeX Font Info:    ... okay on input line 127.
LaTeX Font Info:    Checking defaults for T1/cmr/m/n on input line 127.
LaTeX Font Info:    ... okay on input line 127.
LaTeX Font Info:    Checking defaults for OT1/cmr/m/n on input line 127.
LaTeX Font Info:    ... okay on input line 127.
LaTeX Font Info:    Checking defaults for OMS/cmsy/m/n on input line 127.
LaTeX Font Info:    ... okay on input line 127.
LaTeX Font Info:    Checking defaults for OMX/cmex/m/n on input line 127.
LaTeX Font Info:    ... okay on input line 127.
LaTeX Font Info:    Checking defaults for U/cmr/m/n on input line 127.
LaTeX Font Info:    ... okay on input line 127.
LaTeX Font Info:    Checking defaults for TS1/cmr/m/n on input line 127.
LaTeX Font Info:    Try loading font information for TS1+cmr on input line 127.

(/opt/TinyTeX/texmf-dist/tex/latex/base/ts1cmr.fd
File: ts1cmr.fd 2014/09/29 v2.5h Standard LaTeX font definitions
)
LaTeX Font Info:    ... okay on input line 127.
LaTeX Font Info:    Checking defaults for PD1/pdf/m/n on input line 127.
LaTeX Font Info:    ... okay on input line 127.
(/opt/TinyTeX/texmf-dist/tex/latex/oberdiek/epstopdf-base.sty
Package: epstopdf-base 2016/05/15 v2.6 Base part for package epstopdf
(/opt/TinyTeX/texmf-dist/tex/latex/oberdiek/grfext.sty
Package: grfext 2016/05/16 v1.2 Manage graphics extensions (HO)
)
Package epstopdf-base Info: Redefining graphics rule for `.eps' on input line 4
38.
Package grfext Info: Graphics extension search list:
(grfext)             [.pdf,.png,.jpg,.mps,.jpeg,.jbig2,.jb2,.PDF,.PNG,.JPG,.JPE
G,.JBIG2,.JB2,.eps]
(grfext)             \AppendGraphicsExtensions on input line 456.
(/opt/TinyTeX/texmf-dist/tex/latex/latexconfig/epstopdf-sys.cfg
File: epstopdf-sys.cfg 2010/07/13 v1.3 Configuration of (r)epstopdf for TeX Liv
e
))
Package caption Info: Begin \AtBeginDocument code.
Package caption Info: float package is loaded.
Package caption Info: floatrow package is loaded.
Package caption Info: hyperref package is loaded.
Package caption Info: longtable package is loaded.
(/opt/TinyTeX/texmf-dist/tex/latex/caption/ltcaption.sty
Package: ltcaption 2018/08/26 v1.4-95 longtable captions (AR)
)
Package caption Info: threeparttable package is loaded.
Package caption Info: End \AtBeginDocument code.
(/opt/TinyTeX/texmf-dist/tex/latex/graphics/color.sty
Package: color 2016/07/10 v1.1e Standard LaTeX Color (DPC)
(/opt/TinyTeX/texmf-dist/tex/latex/graphics-cfg/color.cfg
File: color.cfg 2016/01/02 v1.6 sample color configuration
)
Package color Info: Driver file: pdftex.def on input line 147.
) (/opt/TinyTeX/texmf-dist/tex/latex/floatrow/fr-longtable.sty
Package: fr-longtable 2007/11/28 v0.1b (beta) floatrow: additions for longtable

\flrow@LT@lasthead=\box64
\flrow@LT@prelastfoot=\box65
\c@FBLTpage=\count307
)
\AtBeginShipoutBox=\box66
Package hyperref Info: Link coloring OFF on input line 127.
(/opt/TinyTeX/texmf-dist/tex/latex/hyperref/nameref.sty
Package: nameref 2016/05/21 v2.44 Cross-referencing by name of section
(/opt/TinyTeX/texmf-dist/tex/generic/oberdiek/gettitlestring.sty
Package: gettitlestring 2016/05/16 v1.5 Cleanup title references (HO)
)
\c@section@level=\count308
)
LaTeX Info: Redefining \ref on input line 127.
LaTeX Info: Redefining \pageref on input line 127.
LaTeX Info: Redefining \nameref on input line 127.
(./thesis.out) (./thesis.out)
\@outlinefile=\write3
\openout3 = `thesis.out'.

(/opt/TinyTeX/texmf-dist/tex/latex/siunitx/siunitx-abbreviations.cfg
File: siunitx-abbreviations.cfg 2017/11/26 v2.7k siunitx: Abbreviated units
)
Package scrlayer Info: Setting magic \footheight to \baselineskip while
(scrlayer)             \begin{document} on input line 127.

Package scrlayer-scrpage Warning: Very small head height detected!
(scrlayer-scrpage)                Using scrlayer-scrpage the head height
(scrlayer-scrpage)                should be at least \baselineskip, which is
(scrlayer-scrpage)                20.40001pt currently.
(scrlayer-scrpage)                But head height is currently 14.96008pt only.

(scrlayer-scrpage)                You may use
(scrlayer-scrpage)                \setlength{\headheight}{20.40001pt}
(scrlayer-scrpage)                or load package `scrlayer-scrpage' with
(scrlayer-scrpage)                option `singlespacing=true'
(scrlayer-scrpage)                to avoid this warning.

LaTeX Font Info:    Try loading font information for U+msa on input line 127.
(/opt/TinyTeX/texmf-dist/tex/latex/amsfonts/umsa.fd
File: umsa.fd 2013/01/14 v3.01 AMS symbols A
)
LaTeX Font Info:    Try loading font information for U+msb on input line 127.
(/opt/TinyTeX/texmf-dist/tex/latex/amsfonts/umsb.fd
File: umsb.fd 2013/01/14 v3.01 AMS symbols B
) [1

{/opt/TinyTeX/texmf-var/fonts/map/pdftex/updmap/pdftex.map}]

Package scrlayer-scrpage Warning: \headheight to low.
(scrlayer-scrpage)                At least 20.4pt needed,
(scrlayer-scrpage)                but only 14.96008pt found.
(scrlayer-scrpage)                I'll enlarge \headheight, for further
(scrlayer-scrpage)                processing, but you should do this yourself,
(scrlayer-scrpage)                e.g., using
(scrlayer-scrpage)                  \setlength{\headheight}{20.4pt}
(scrlayer-scrpage)                in your preamble.
(scrlayer-scrpage)                I'll also decrease \topmargin on input line 1
90.


Overfull \vbox (5.43991pt too high) has occurred while \output is active []

[1]
<../assets/wf.pdf, id=176, 421.575pt x 598.15468pt>
File: ../assets/wf.pdf Graphic file (type pdf)
<use ../assets/wf.pdf>
Package pdftex.def Info: ../assets/wf.pdf  used on input line 196.
(pdftex.def)             Requested size: 421.57396pt x 598.15321pt.

Overfull \hbox (10.55624pt too wide) in paragraph at lines 196--197
[] 
 []

[2 <../assets/wf.pdf>] (./thesis.toc [3]
Overfull \hbox (3.40662pt too wide) detected at line 67
 []\OT1/cmr/m/n/10.95 XIV
 []


Overfull \hbox (7.66495pt too wide) detected at line 69
 []\OT1/cmr/m/n/10.95 XVII
 []

)
\tf@toc=\write4
\openout4 = `thesis.toc'.

[4] [5

] (./thesis.lof
Overfull \hbox (3.71077pt too wide) detected at line 30
 []\OT1/cmr/m/n/10.95 VIII
 []

[6]
Overfull \hbox (3.71077pt too wide) detected at line 35
 []\OT1/cmr/m/n/10.95 XIII
 []


Overfull \hbox (3.40662pt too wide) detected at line 36
 []\OT1/cmr/m/n/10.95 XIV
 []


Overfull \hbox (3.40662pt too wide) detected at line 37
 []\OT1/cmr/m/n/10.95 XIV
 []

)
\tf@lof=\write5
\openout5 = `thesis.lof'.

[7] (./thesis.lot
Overfull \hbox (7.66495pt too wide) detected at line 26
 []\OT1/cmr/m/n/10.95 XVII
 []

)
\tf@lot=\write6
\openout6 = `thesis.lot'.

[8]

Package natbib Warning: Citation `@wang2016' undefined on input line 274.

<thesis_files/figure-latex/01-intro-conflicts-1.pdf, id=422, 427.5975pt x 201.7
5375pt>
File: thesis_files/figure-latex/01-intro-conflicts-1.pdf Graphic file (type pdf
)
<use thesis_files/figure-latex/01-intro-conflicts-1.pdf>
Package pdftex.def Info: thesis_files/figure-latex/01-intro-conflicts-1.pdf  us
ed on input line 317.
(pdftex.def)             Requested size: 427.59645pt x 201.75325pt.
pdfTeX warning (ext4): destination with the same identifier (name{page.1}) has 
been already used, duplicate ignored
<to be read again> 
                   \relax 
l.324 ...velopments.}\label{recent-developments.}}
                                                   [1] [2 <./thesis_files/figur
e-latex/01-intro-conflicts-1.pdf>] [3] [4] [5] [6] [7]
<thesis_files/figure-latex/02-data-units-map-1.pdf, id=557, 425.59pt x 347.2975
pt>
File: thesis_files/figure-latex/02-data-units-map-1.pdf Graphic file (type pdf)

<use thesis_files/figure-latex/02-data-units-map-1.pdf>
Package pdftex.def Info: thesis_files/figure-latex/02-data-units-map-1.pdf  use
d on input line 557.
(pdftex.def)             Requested size: 425.58894pt x 347.29665pt.
[8 <./thesis_files/figure-latex/02-data-units-map-1.pdf>] [9] [10] [11] [12] [1
3]
Overfull \vbox (15.23178pt too high) has occurred while \output is active []

[14] [15] [16] [17] [18] [19] [20] [21] [22] [23] [24] [25] [26] [27] [28] [29]
[30]
<thesis_files/figure-latex/03-methods-cnn-1.pdf, id=892, 394.47375pt x 281.05pt
>
File: thesis_files/figure-latex/03-methods-cnn-1.pdf Graphic file (type pdf)
<use thesis_files/figure-latex/03-methods-cnn-1.pdf>
Package pdftex.def Info: thesis_files/figure-latex/03-methods-cnn-1.pdf  used o
n input line 1624.
(pdftex.def)             Requested size: 394.47278pt x 281.0493pt.
[31 <./thesis_files/figure-latex/03-methods-cnn-1.pdf>] [32]
<../assets/img/LSTM.png, id=928, 1005.7575pt x 538.01pt>
File: ../assets/img/LSTM.png Graphic file (type png)
<use ../assets/img/LSTM.png>
Package pdftex.def Info: ../assets/img/LSTM.png  used on input line 1692.
(pdftex.def)             Requested size: 352.8155pt x 188.72499pt.
[33 <../assets/img/LSTM.png>] [34] [35]
<thesis_files/figure-latex/03-methods-arch-1.pdf, id=965, 318.18875pt x 581.171
25pt>
File: thesis_files/figure-latex/03-methods-arch-1.pdf Graphic file (type pdf)
<use thesis_files/figure-latex/03-methods-arch-1.pdf>
Package pdftex.def Info: thesis_files/figure-latex/03-methods-arch-1.pdf  used 
on input line 1793.
(pdftex.def)             Requested size: 318.18796pt x 581.16983pt.
[36 <./thesis_files/figure-latex/03-methods-arch-1.pdf>]
<thesis_files/figure-latex/03-methods-fc-1.pdf, id=979, 318.18875pt x 252.945pt
>
File: thesis_files/figure-latex/03-methods-fc-1.pdf Graphic file (type pdf)
<use thesis_files/figure-latex/03-methods-fc-1.pdf>
Package pdftex.def Info: thesis_files/figure-latex/03-methods-fc-1.pdf  used on
 input line 1802.
(pdftex.def)             Requested size: 318.18796pt x 252.94438pt.
[37 <./thesis_files/figure-latex/03-methods-fc-1.pdf>] [38] [39] [40] [41] [42]
[43] [44] [45] [46] [47] [48] [49

] [50

]
<thesis_files/figure-latex/04-results-global-f2-1.pdf, id=1150, 423.5825pt x 34
4.28625pt>
File: thesis_files/figure-latex/04-results-global-f2-1.pdf Graphic file (type p
df)
<use thesis_files/figure-latex/04-results-global-f2-1.pdf>
Package pdftex.def Info: thesis_files/figure-latex/04-results-global-f2-1.pdf  
used on input line 2450.
(pdftex.def)             Requested size: 423.58147pt x 344.2854pt.
[51] [52 <./thesis_files/figure-latex/04-results-global-f2-1.pdf>] [53]
<thesis_files/figure-latex/04-results-global-prsens-1.pdf, id=1192, 423.5825pt 
x 344.28625pt>
File: thesis_files/figure-latex/04-results-global-prsens-1.pdf Graphic file (ty
pe pdf)
<use thesis_files/figure-latex/04-results-global-prsens-1.pdf>
Package pdftex.def Info: thesis_files/figure-latex/04-results-global-prsens-1.p
df  used on input line 2549.
(pdftex.def)             Requested size: 423.58147pt x 344.2854pt.
[54] [55 <./thesis_files/figure-latex/04-results-global-prsens-1.pdf>] [56]
<thesis_files/figure-latex/04-results-aupr-states-1.pdf, id=1224, 423.5825pt x 
343.2825pt>
File: thesis_files/figure-latex/04-results-aupr-states-1.pdf Graphic file (type
 pdf)
<use thesis_files/figure-latex/04-results-aupr-states-1.pdf>
Package pdftex.def Info: thesis_files/figure-latex/04-results-aupr-states-1.pdf
  used on input line 2644.
(pdftex.def)             Requested size: 423.58147pt x 343.28165pt.
[57]
<thesis_files/figure-latex/04-results-aupr-basins-1.pdf, id=1230, 423.5825pt x 
343.2825pt>
File: thesis_files/figure-latex/04-results-aupr-basins-1.pdf Graphic file (type
 pdf)
<use thesis_files/figure-latex/04-results-aupr-basins-1.pdf>
Package pdftex.def Info: thesis_files/figure-latex/04-results-aupr-basins-1.pdf
  used on input line 2672.
(pdftex.def)             Requested size: 423.58147pt x 343.28165pt.
[58 <./thesis_files/figure-latex/04-results-aupr-states-1.pdf>] [59 <./thesis_f
iles/figure-latex/04-results-aupr-basins-1.pdf>]
<thesis_files/figure-latex/04-results-time-f2-1.pdf, id=1269, 419.5675pt x 343.
2825pt>
File: thesis_files/figure-latex/04-results-time-f2-1.pdf Graphic file (type pdf
)
<use thesis_files/figure-latex/04-results-time-f2-1.pdf>
Package pdftex.def Info: thesis_files/figure-latex/04-results-time-f2-1.pdf  us
ed on input line 2748.
(pdftex.def)             Requested size: 419.56647pt x 343.28165pt.
[60]
<thesis_files/figure-latex/04-results-time-aupr-1.pdf, id=1275, 419.5675pt x 34
3.2825pt>
File: thesis_files/figure-latex/04-results-time-aupr-1.pdf Graphic file (type p
df)
<use thesis_files/figure-latex/04-results-time-aupr-1.pdf>
Package pdftex.def Info: thesis_files/figure-latex/04-results-time-aupr-1.pdf  
used on input line 2770.
(pdftex.def)             Requested size: 419.56647pt x 343.28165pt.
[61 <./thesis_files/figure-latex/04-results-time-f2-1.pdf>]
<thesis_files/figure-latex/04-results-time-sensitivity-1.pdf, id=1292, 419.5675
pt x 343.2825pt>
File: thesis_files/figure-latex/04-results-time-sensitivity-1.pdf Graphic file 
(type pdf)
<use thesis_files/figure-latex/04-results-time-sensitivity-1.pdf>
Package pdftex.def Info: thesis_files/figure-latex/04-results-time-sensitivity-
1.pdf  used on input line 2789.
(pdftex.def)             Requested size: 419.56647pt x 343.28165pt.
[62 <./thesis_files/figure-latex/04-results-time-aupr-1.pdf>] [63 <./thesis_fil
es/figure-latex/04-results-time-sensitivity-1.pdf>] [64]
<thesis_files/figure-latex/04-results-time-precision-1.pdf, id=1334, 419.5675pt
 x 343.2825pt>
File: thesis_files/figure-latex/04-results-time-precision-1.pdf Graphic file (t
ype pdf)
<use thesis_files/figure-latex/04-results-time-precision-1.pdf>
Package pdftex.def Info: thesis_files/figure-latex/04-results-time-precision-1.
pdf  used on input line 2854.
(pdftex.def)             Requested size: 419.56647pt x 343.28165pt.
[65 <./thesis_files/figure-latex/04-results-time-precision-1.pdf>]
<thesis_files/figure-latex/04-results-spatial-adm-1.pdf, id=1355, 425.59pt x 62
8.3475pt>
File: thesis_files/figure-latex/04-results-spatial-adm-1.pdf Graphic file (type
 pdf)
<use thesis_files/figure-latex/04-results-spatial-adm-1.pdf>
Package pdftex.def Info: thesis_files/figure-latex/04-results-spatial-adm-1.pdf
  used on input line 2905.
(pdftex.def)             Requested size: 425.58894pt x 628.34596pt.
[66]
Overfull \vbox (16.67984pt too high) has occurred while \output is active []

[67 <./thesis_files/figure-latex/04-results-spatial-adm-1.pdf>]
<thesis_files/figure-latex/04-results-spatial-bas-1.pdf, id=1376, 425.59pt x 62
8.3475pt>
File: thesis_files/figure-latex/04-results-spatial-bas-1.pdf Graphic file (type
 pdf)
<use thesis_files/figure-latex/04-results-spatial-bas-1.pdf>
Package pdftex.def Info: thesis_files/figure-latex/04-results-spatial-bas-1.pdf
  used on input line 2949.
(pdftex.def)             Requested size: 425.58894pt x 628.34596pt.
[68]
Overfull \vbox (16.67984pt too high) has occurred while \output is active []

[69 <./thesis_files/figure-latex/04-results-spatial-bas-1.pdf>]
LaTeX Font Info:    Try loading font information for OML+cmr on input line 2998
.
(/opt/TinyTeX/texmf-dist/tex/latex/base/omlcmr.fd
File: omlcmr.fd 2014/09/29 v2.5h Standard LaTeX font definitions
)
LaTeX Font Info:    Font shape `OML/cmr/m/n' in size <10> not available
(Font)              Font shape `OML/cmm/m/it' tried instead on input line 2998.

[70]
LaTeX Font Info:    Font shape `OML/cmr/m/n' in size <8> not available
(Font)              Font shape `OML/cmm/m/it' tried instead on input line 3048.

[71] [72] [73] [74] [75] [76] [77] [78] [79] [80]
Overfull \hbox (1.79657pt too wide) in paragraph at lines 3441--3443
 \OT1/cmr/m/n/10.95 ex-pec-ta-tions? Sci-ence 355, 474--476. []$\OT1/cmtt/m/n/1
0.95 https : / / doi . org / 10 . 1126 / science . aal4483$[] 
 []

[81]
Overfull \hbox (6.74744pt too wide) in paragraph at lines 3474--3476
 \OT1/cmr/m/n/10.95 men-tal Re-search Let-ters 12, 054004. []$\OT1/cmtt/m/n/10.
95 https : / / doi . org / 10 . 1088 / 1748-[]9326 / aa673a$[] 
 []

[82]
Overfull \hbox (3.2529pt too wide) in paragraph at lines 3501--3503
 [][]\OT1/cmr/m/sc/10.95 GDELT\OT1/cmr/m/n/10.95 , 2021. The GDELT Project [WWW
 Doc-u-ment]. URL []$\OT1/cmtt/m/n/10.95 https : / / www . gdeltproject .
 []

[83]
Overfull \hbox (20.14162pt too wide) in paragraph at lines 3510--3512
 \OT1/cmr/m/n/10.95 plain-ing Ex-pla-na-tions: An Overview of In-ter-pretabil-i
ty of Ma-chine Learn-ing. arXiv:1806.00069
 []


Overfull \hbox (5.72147pt too wide) in paragraph at lines 3522--3524
 \OT1/cmr/m/n/10.95 Amer-i-can Me-te-o-ro-log-i-cal So-ci-ety 92, 485--488. []$
\OT1/cmtt/m/n/10.95 https : / / doi . org / 10 . 1175 / 2010BAMS3103 .
 []

[84] [85] [86]
Overfull \hbox (11.25558pt too wide) in paragraph at lines 3606--3608
 \OT1/cmr/m/n/10.95 Coim-bat-ore, pp. 1481--1486. []$\OT1/cmtt/m/n/10.95 https 
: / / doi . org / 10 . 1109 / ICECA49313 . 2020 . 9297652$[] 
 []


Overfull \hbox (50.47316pt too wide) in paragraph at lines 3621--3623
 \OT1/cmr/m/n/10.95 Jour-nal of Con-flict Res-o-lu-tion 46, 91--110. []$\OT1/cm
tt/m/n/10.95 https : / / doi . org / 10 . 1177 / 0022002702046001006$[] 
 []


Overfull \hbox (10.44873pt too wide) in paragraph at lines 3627--3629
 [][]\OT1/cmr/m/sc/10.95 Nomura, M.\OT1/cmr/m/n/10.95 , 2020. Sim-ple and Scal-
able Par-al-lelized Bayesian Op-ti-miza-tion. arXiv:2006.13600
 []

[87]
Overfull \hbox (31.2441pt too wide) in paragraph at lines 3633--3635
 [][]\OT1/cmr/m/sc/10.95 Parr, T., Howard, J.\OT1/cmr/m/n/10.95 , 2018. The Ma-
trix Cal-cu-lus You Need For Deep Learn-ing. arXiv:1802.01528
 []


Overfull \hbox (8.9545pt too wide) in paragraph at lines 3648--3650
 \OT1/cmr/m/n/10.95 ment and Peace Sci-ence 32, 425--442. []$\OT1/cmtt/m/n/10.9
5 https : / / doi . org / 10 . 1177 / 0738894214530853$[] 
 []

[88]
Overfull \hbox (3.57233pt too wide) in paragraph at lines 3669--3671
 \OT1/cmr/m/n/10.95 Adap-tive com-pu-ta-tion and ma-chine learn-ing. MIT Press,
 Cam-bridge, Mas-sachusetts. 
 []

[89] [90]
Overfull \hbox (64.54608pt too wide) in paragraph at lines 3732--3734
 \OT1/cmr/m/n/10.95 Dataset. Jour-nal of Peace Re-search 49, 351--362. []$\OT1/
cmtt/m/n/10.95 https : / / doi . org / 10 . 1177 / 0022343311431598$[] 
 []


Overfull \hbox (70.84235pt too wide) in paragraph at lines 3738--3740
 \OT1/cmr/m/n/10.95 struc-ture. Jour-nal of Peace Re-search 49, 363--374. []$\O
T1/cmtt/m/n/10.95 https : / / doi . org / 10 . 1177 / 0022343311431287$[] 
 []

[91]
Overfull \hbox (60.74399pt too wide) in paragraph at lines 3774--3776
 \OT1/cmr/m/n/10.95 mod-els. Jour-nal of Peace Re-search 54, 175--192. []$\OT1/
cmtt/m/n/10.95 https : / / doi . org / 10 . 1177 / 0022343316682064$[] 
 []

[92] [93]
<thesis_files/figure-latex/appendix-densities-1.pdf, id=1746, 424.58624pt x 244
.915pt>
File: thesis_files/figure-latex/appendix-densities-1.pdf Graphic file (type pdf
)
<use thesis_files/figure-latex/appendix-densities-1.pdf>
Package pdftex.def Info: thesis_files/figure-latex/appendix-densities-1.pdf  us
ed on input line 3833.
(pdftex.def)             Requested size: 424.5852pt x 244.91438pt.
<thesis_files/figure-latex/appendix-densities-2.pdf, id=1747, 424.58624pt x 244
.915pt>
File: thesis_files/figure-latex/appendix-densities-2.pdf Graphic file (type pdf
)
<use thesis_files/figure-latex/appendix-densities-2.pdf>
Package pdftex.def Info: thesis_files/figure-latex/appendix-densities-2.pdf  us
ed on input line 3841.
(pdftex.def)             Requested size: 424.5852pt x 244.91438pt.
<thesis_files/figure-latex/appendix-densities-3.pdf, id=1748, 424.58624pt x 244
.915pt>
File: thesis_files/figure-latex/appendix-densities-3.pdf Graphic file (type pdf
)
<use thesis_files/figure-latex/appendix-densities-3.pdf>
Package pdftex.def Info: thesis_files/figure-latex/appendix-densities-3.pdf  us
ed on input line 3849.
(pdftex.def)             Requested size: 424.5852pt x 244.91438pt.
[1 <./thesis_files/figure-latex/appendix-densities-1.pdf> <./thesis_files/figur
e-latex/appendix-densities-2.pdf>]
<thesis_files/figure-latex/appendix-densities-4.pdf, id=1780, 424.58624pt x 244
.915pt>
File: thesis_files/figure-latex/appendix-densities-4.pdf Graphic file (type pdf
)
<use thesis_files/figure-latex/appendix-densities-4.pdf>
Package pdftex.def Info: thesis_files/figure-latex/appendix-densities-4.pdf  us
ed on input line 3857.
(pdftex.def)             Requested size: 424.5852pt x 244.91438pt.
<thesis_files/figure-latex/appendix-densities-5.pdf, id=1781, 424.58624pt x 244
.915pt>
File: thesis_files/figure-latex/appendix-densities-5.pdf Graphic file (type pdf
)
<use thesis_files/figure-latex/appendix-densities-5.pdf>
Package pdftex.def Info: thesis_files/figure-latex/appendix-densities-5.pdf  us
ed on input line 3865.
(pdftex.def)             Requested size: 424.5852pt x 244.91438pt.
[2 <./thesis_files/figure-latex/appendix-densities-3.pdf> <./thesis_files/figur
e-latex/appendix-densities-4.pdf>]
<thesis_files/figure-latex/appendix-densities-6.pdf, id=1811, 424.58624pt x 244
.915pt>
File: thesis_files/figure-latex/appendix-densities-6.pdf Graphic file (type pdf
)
<use thesis_files/figure-latex/appendix-densities-6.pdf>
Package pdftex.def Info: thesis_files/figure-latex/appendix-densities-6.pdf  us
ed on input line 3873.
(pdftex.def)             Requested size: 424.5852pt x 244.91438pt.
<thesis_files/figure-latex/appendix-densities-7.pdf, id=1812, 424.58624pt x 244
.915pt>
File: thesis_files/figure-latex/appendix-densities-7.pdf Graphic file (type pdf
)
<use thesis_files/figure-latex/appendix-densities-7.pdf>
Package pdftex.def Info: thesis_files/figure-latex/appendix-densities-7.pdf  us
ed on input line 3881.
(pdftex.def)             Requested size: 424.5852pt x 244.91438pt.
[3 <./thesis_files/figure-latex/appendix-densities-5.pdf> <./thesis_files/figur
e-latex/appendix-densities-6.pdf>]
<thesis_files/figure-latex/appendix-densities-8.pdf, id=1841, 424.58624pt x 244
.915pt>
File: thesis_files/figure-latex/appendix-densities-8.pdf Graphic file (type pdf
)
<use thesis_files/figure-latex/appendix-densities-8.pdf>
Package pdftex.def Info: thesis_files/figure-latex/appendix-densities-8.pdf  us
ed on input line 3889.
(pdftex.def)             Requested size: 424.5852pt x 244.91438pt.
[4 <./thesis_files/figure-latex/appendix-densities-7.pdf> <./thesis_files/figur
e-latex/appendix-densities-8.pdf>]
<thesis_files/figure-latex/appendix-global-auc-1.pdf, id=1870, 423.5825pt x 272
.01625pt>
File: thesis_files/figure-latex/appendix-global-auc-1.pdf Graphic file (type pd
f)
<use thesis_files/figure-latex/appendix-global-auc-1.pdf>
Package pdftex.def Info: thesis_files/figure-latex/appendix-global-auc-1.pdf  u
sed on input line 3902.
(pdftex.def)             Requested size: 423.58147pt x 272.01558pt.
[5 <./thesis_files/figure-latex/appendix-global-auc-1.pdf>]
<thesis_files/figure-latex/apendix-time-auc-1.pdf, id=1884, 419.5675pt x 271.01
25pt>
File: thesis_files/figure-latex/apendix-time-auc-1.pdf Graphic file (type pdf)
<use thesis_files/figure-latex/apendix-time-auc-1.pdf>
Package pdftex.def Info: thesis_files/figure-latex/apendix-time-auc-1.pdf  used
 on input line 3915.
(pdftex.def)             Requested size: 419.56647pt x 271.01183pt.
<thesis_files/figure-latex/appendix-time-specificity-1.pdf, id=1885, 419.5675pt
 x 271.0125pt>
File: thesis_files/figure-latex/appendix-time-specificity-1.pdf Graphic file (t
ype pdf)
<use thesis_files/figure-latex/appendix-time-specificity-1.pdf>
Package pdftex.def Info: thesis_files/figure-latex/appendix-time-specificity-1.
pdf  used on input line 3923.
(pdftex.def)             Requested size: 419.56647pt x 271.01183pt.
[6 <./thesis_files/figure-latex/apendix-time-auc-1.pdf> <./thesis_files/figure-
latex/appendix-time-specificity-1.pdf>]
<thesis_files/figure-latex/appendix-auc-adm-1.pdf, id=1916, 423.5825pt x 271.01
25pt>
File: thesis_files/figure-latex/appendix-auc-adm-1.pdf Graphic file (type pdf)
<use thesis_files/figure-latex/appendix-auc-adm-1.pdf>
Package pdftex.def Info: thesis_files/figure-latex/appendix-auc-adm-1.pdf  used
 on input line 3936.
(pdftex.def)             Requested size: 423.58147pt x 271.01183pt.
<thesis_files/figure-latex/appendix-auc-bas-1.pdf, id=1917, 423.5825pt x 271.01
25pt>
File: thesis_files/figure-latex/appendix-auc-bas-1.pdf Graphic file (type pdf)
<use thesis_files/figure-latex/appendix-auc-bas-1.pdf>
Package pdftex.def Info: thesis_files/figure-latex/appendix-auc-bas-1.pdf  used
 on input line 3944.
(pdftex.def)             Requested size: 423.58147pt x 271.01183pt.
[7 <./thesis_files/figure-latex/appendix-auc-adm-1.pdf> <./thesis_files/figure-
latex/appendix-auc-bas-1.pdf>]
<thesis_files/figure-latex/appendix-spatial-adm-sb-1.pdf, id=1948, 425.59pt x 6
28.3475pt>
File: thesis_files/figure-latex/appendix-spatial-adm-sb-1.pdf Graphic file (typ
e pdf)
<use thesis_files/figure-latex/appendix-spatial-adm-sb-1.pdf>
Package pdftex.def Info: thesis_files/figure-latex/appendix-spatial-adm-sb-1.pd
f  used on input line 3957.
(pdftex.def)             Requested size: 425.58894pt x 628.34596pt.

Overfull \vbox (6.62143pt too high) has occurred while \output is active []

[8 <./thesis_files/figure-latex/appendix-spatial-adm-sb-1.pdf>]
<thesis_files/figure-latex/appendix-spatial-adm-ns-1.pdf, id=1961, 425.59pt x 6
28.3475pt>
File: thesis_files/figure-latex/appendix-spatial-adm-ns-1.pdf Graphic file (typ
e pdf)
<use thesis_files/figure-latex/appendix-spatial-adm-ns-1.pdf>
Package pdftex.def Info: thesis_files/figure-latex/appendix-spatial-adm-ns-1.pd
f  used on input line 3965.
(pdftex.def)             Requested size: 425.58894pt x 628.34596pt.
<thesis_files/figure-latex/appendix-spatial-adm-os-1.pdf, id=1962, 425.59pt x 6
28.3475pt>
File: thesis_files/figure-latex/appendix-spatial-adm-os-1.pdf Graphic file (typ
e pdf)
<use thesis_files/figure-latex/appendix-spatial-adm-os-1.pdf>
Package pdftex.def Info: thesis_files/figure-latex/appendix-spatial-adm-os-1.pd
f  used on input line 3973.
(pdftex.def)             Requested size: 425.58894pt x 628.34596pt.
[9 <./thesis_files/figure-latex/appendix-spatial-adm-ns-1.pdf>]
<thesis_files/figure-latex/appendix-spatial-bas-sb-1.pdf, id=1974, 425.59pt x 6
28.3475pt>
File: thesis_files/figure-latex/appendix-spatial-bas-sb-1.pdf Graphic file (typ
e pdf)
<use thesis_files/figure-latex/appendix-spatial-bas-sb-1.pdf>
Package pdftex.def Info: thesis_files/figure-latex/appendix-spatial-bas-sb-1.pd
f  used on input line 3981.
(pdftex.def)             Requested size: 425.58894pt x 628.34596pt.
[10 <./thesis_files/figure-latex/appendix-spatial-adm-os-1.pdf>]
<thesis_files/figure-latex/appendix-spatial-bas-ns-1.pdf, id=1986, 425.59pt x 6
28.3475pt>
File: thesis_files/figure-latex/appendix-spatial-bas-ns-1.pdf Graphic file (typ
e pdf)
<use thesis_files/figure-latex/appendix-spatial-bas-ns-1.pdf>
Package pdftex.def Info: thesis_files/figure-latex/appendix-spatial-bas-ns-1.pd
f  used on input line 3989.
(pdftex.def)             Requested size: 425.58894pt x 628.34596pt.
[11 <./thesis_files/figure-latex/appendix-spatial-bas-sb-1.pdf>]
<thesis_files/figure-latex/appendix-spatial-bas-os-1.pdf, id=1998, 425.59pt x 6
28.3475pt>
File: thesis_files/figure-latex/appendix-spatial-bas-os-1.pdf Graphic file (typ
e pdf)
<use thesis_files/figure-latex/appendix-spatial-bas-os-1.pdf>
Package pdftex.def Info: thesis_files/figure-latex/appendix-spatial-bas-os-1.pd
f  used on input line 3997.
(pdftex.def)             Requested size: 425.58894pt x 628.34596pt.
[12 <./thesis_files/figure-latex/appendix-spatial-bas-ns-1.pdf>] [13 <./thesis_
files/figure-latex/appendix-spatial-bas-os-1.pdf>]
<thesis_files/figure-latex/appendix-anova-qq-1.pdf, id=2022, 427.5975pt x 241.9
0375pt>
File: thesis_files/figure-latex/appendix-anova-qq-1.pdf Graphic file (type pdf)

<use thesis_files/figure-latex/appendix-anova-qq-1.pdf>
Package pdftex.def Info: thesis_files/figure-latex/appendix-anova-qq-1.pdf  use
d on input line 4011.
(pdftex.def)             Requested size: 427.59645pt x 241.90315pt.
<thesis_files/figure-latex/appendix-anova-resid-1.pdf, id=2023, 423.5825pt x 24
1.90375pt>
File: thesis_files/figure-latex/appendix-anova-resid-1.pdf Graphic file (type p
df)
<use thesis_files/figure-latex/appendix-anova-resid-1.pdf>
Package pdftex.def Info: thesis_files/figure-latex/appendix-anova-resid-1.pdf  
used on input line 4019.
(pdftex.def)             Requested size: 423.58147pt x 241.90315pt.
[14 <./thesis_files/figure-latex/appendix-anova-qq-1.pdf> <./thesis_files/figur
e-latex/appendix-anova-resid-1.pdf>]pdfTeX warning (ext4): destination with the
 same identifier (name{table.1}) has been already used, duplicate ignored
<to be read again> 
                   \relax 
l.4032 \begin{longtable}[t]{lrrrrrrr}
                                      [15] [16]
Overfull \hbox (15.12105pt too wide) in alignment at lines 4109--4114
 [] [] [] [] [] [] [] [] [] 
 []


Overfull \hbox (15.12105pt too wide) in alignment at lines 4114--4119
 [] [] [] [] [] [] [] [] [] 
 []


Overfull \hbox (15.12105pt too wide) in alignment at lines 4119--4121
 [] [] [] [] [] [] [] [] [] 
 []


Overfull \hbox (15.12105pt too wide) in alignment at lines 4121--4123
 [] [] [] [] [] [] [] [] [] 
 []


Overfull \hbox (15.12105pt too wide) in alignment at lines 4123--4148
 [] [] [] [] [] [] [] [] [] 
 []


Overfull \hbox (15.12105pt too wide) in alignment at lines 4148--4163
 [] [] [] [] [] [] [] [] [] 
 []

[17] [18]
Overfull \hbox (4.98126pt too wide) in paragraph at lines 4199--4200
[]\OT1/cmr/m/n/10.95 I $[]$ agree that my the-sis may be viewed by third par-ti
es in the de-part-ment/university
 []


Package natbib Warning: There were undefined citations.

Package atveryend Info: Empty hook `BeforeClearDocument' on input line 4211.
[19]
Package atveryend Info: Empty hook `AfterLastShipout' on input line 4211.
(./thesis.aux)
Package atveryend Info: Executing hook `AtVeryEndDocument' on input line 4211.
Package atveryend Info: Executing hook `AtEndAfterFileList' on input line 4211.

Package rerunfilecheck Info: File `thesis.out' has not changed.
(rerunfilecheck)             Checksum: F861DFCB10BBF74CC4246817AD776065;2677.

LaTeX Warning: There were multiply-defined labels.

Package atveryend Info: Empty hook `AtVeryVeryEnd' on input line 4211.
 ) 
Here is how much of TeX's memory you used:
 23493 strings out of 494562
 463322 string characters out of 6177813
 575148 words of memory out of 5000000
 26419 multiletter control sequences out of 15000+600000
 546371 words of font info for 77 fonts, out of 8000000 for 9000
 14 hyphenation exceptions out of 8191
 47i,24n,74p,909b,918s stack positions out of 5000i,500n,10000p,200000b,80000s
 </home/rstudio/.TinyTeX/texmf-var/fonts/pk/ljfour/jknappen/ec/tcrm1000.600pk
> </home/rstudio/.TinyTeX/texmf-var/fonts/pk/ljfour/jknappen/ec/tcrm1095.600pk>
</opt/TinyTeX/texmf-dist/fonts/type1/public/amsfonts/cm/cmbx10.pfb></opt/TinyTe
X/texmf-dist/fonts/type1/public/amsfonts/cm/cmbx12.pfb></opt/TinyTeX/texmf-dist
/fonts/type1/public/amsfonts/cm/cmbx8.pfb></opt/TinyTeX/texmf-dist/fonts/type1/
public/amsfonts/cm/cmbxti10.pfb></opt/TinyTeX/texmf-dist/fonts/type1/public/ams
fonts/cm/cmcsc10.pfb></opt/TinyTeX/texmf-dist/fonts/type1/public/amsfonts/cm/cm
ex10.pfb></opt/TinyTeX/texmf-dist/fonts/type1/public/amsfonts/cmextra/cmex8.pfb
></opt/TinyTeX/texmf-dist/fonts/type1/public/amsfonts/cm/cmmi10.pfb></opt/TinyT
eX/texmf-dist/fonts/type1/public/amsfonts/cm/cmmi6.pfb></opt/TinyTeX/texmf-dist
/fonts/type1/public/amsfonts/cm/cmmi7.pfb></opt/TinyTeX/texmf-dist/fonts/type1/
public/amsfonts/cm/cmmi8.pfb></opt/TinyTeX/texmf-dist/fonts/type1/public/amsfon
ts/cm/cmr10.pfb></opt/TinyTeX/texmf-dist/fonts/type1/public/amsfonts/cm/cmr6.pf
b></opt/TinyTeX/texmf-dist/fonts/type1/public/amsfonts/cm/cmr7.pfb></opt/TinyTe
X/texmf-dist/fonts/type1/public/amsfonts/cm/cmr8.pfb></opt/TinyTeX/texmf-dist/f
onts/type1/public/amsfonts/cm/cmsy10.pfb></opt/TinyTeX/texmf-dist/fonts/type1/p
ublic/amsfonts/cm/cmsy7.pfb></opt/TinyTeX/texmf-dist/fonts/type1/public/amsfont
s/cm/cmsy8.pfb></opt/TinyTeX/texmf-dist/fonts/type1/public/amsfonts/cm/cmti10.p
fb></opt/TinyTeX/texmf-dist/fonts/type1/public/amsfonts/cm/cmti8.pfb></opt/Tiny
TeX/texmf-dist/fonts/type1/public/amsfonts/cm/cmtt10.pfb>
Output written on thesis.pdf (121 pages, 9012442 bytes).
PDF statistics:
 2264 PDF objects out of 2487 (max. 8388607)
 1978 compressed objects within 20 object streams
 492 named destinations out of 1000 (max. 500000)
 503 words of extra memory for PDF output out of 10000 (max. 10000000)

